<?xml version="1.0" encoding="UTF-8"?>
<testng-results ignored="0" total="1" passed="1" failed="0" skipped="0">
  <reporter-output>
  </reporter-output>
  <suite started-at="2025-06-12T15:04:06 IST" name="Default suite" finished-at="2025-06-12T15:04:27 IST" duration-ms="21127">
    <groups>
      <group name="cucumber">
        <method signature="AbstractTestNGCucumberTests.runScenario(io.cucumber.testng.PickleWrapper,io.cucumber.testng.FeatureWrapper)[pri:0, instance:runner.TestRunner@5cdec700]" name="runScenario" class="io.cucumber.testng.AbstractTestNGCucumberTests"/>
      </group> <!-- cucumber -->
    </groups>
    <test started-at="2025-06-12T15:04:06 IST" name="Default test" finished-at="2025-06-12T15:04:27 IST" duration-ms="21127">
      <class name="runner.TestRunner">
        <test-method is-config="true" signature="setUpClass(org.testng.ITestContext)[pri:0, instance:runner.TestRunner@5cdec700]" started-at="2025-06-12T15:04:06 IST" name="setUpClass" finished-at="2025-06-12T15:04:06 IST" duration-ms="396" status="PASS">
          <params>
            <param index="0">
              <value>
                <![CDATA[org.testng.TestRunner@671d1157]]>
              </value>
            </param>
          </params>
          <reporter-output>
          </reporter-output>
        </test-method> <!-- setUpClass -->
        <test-method signature="runScenario(io.cucumber.testng.PickleWrapper,io.cucumber.testng.FeatureWrapper)[pri:0, instance:runner.TestRunner@5cdec700]" started-at="2025-06-12T15:04:06 IST" name="runScenario" description="Runs Cucumber Scenarios" data-provider="scenarios" finished-at="2025-06-12T15:04:27 IST" duration-ms="20515" status="PASS">
          <params>
            <param index="0">
              <value>
                <![CDATA["Scenario is to Login on Swag labs and add any 2 products in cart and order them by adding All order details."]]>
              </value>
            </param>
            <param index="1">
              <value>
                <![CDATA["This feature file contains end to end testcases for Swag Labs site automation"]]>
              </value>
            </param>
          </params>
          <reporter-output>
          </reporter-output>
        </test-method> <!-- runScenario -->
        <test-method is-config="true" signature="tearDownClass()[pri:0, instance:runner.TestRunner@5cdec700]" started-at="2025-06-12T15:04:27 IST" name="tearDownClass" finished-at="2025-06-12T15:04:27 IST" duration-ms="6" status="PASS">
          <reporter-output>
          </reporter-output>
        </test-method> <!-- tearDownClass -->
      </class> <!-- runner.TestRunner -->
    </test> <!-- Default test -->
  </suite> <!-- Default suite -->
</testng-results>
